<?xml version="1.0" encoding="UTF-8"?>
<testsuite xmlns:xsi="http://www.w3.org/2001/XMLSchema-instance" xsi:noNamespaceSchemaLocation="https://maven.apache.org/surefire/maven-surefire-plugin/xsd/surefire-test-report-3.0.xsd" version="3.0" name="com.grapplermodule1.GrapplerEnhancement.GrapplerEnhancementApplicationTests" time="22.036" tests="1" errors="0" skipped="0" failures="0">
  <properties>
[...]
</properties>
  <testcase name="contextLoads" classname="com.grapplermodule1.GrapplerEnhancement.GrapplerEnhancementApplicationTests" time="1.123">
    <system-out><![CDATA[12:00:35.055 [main] INFO org.springframework.test.context.support.AnnotationConfigContextLoaderUtils -- Could not detect default configuration classes for test class [com.grapplermodule1.GrapplerEnhancement.GrapplerEnhancementApplicationTests]: GrapplerEnhancementApplicationTests does not declare any static, non-private, non-final, nested classes annotated with @Configuration.
12:00:35.460 [main] INFO org.springframework.boot.test.context.SpringBootTestContextBootstrapper -- Found @SpringBootConfiguration com.grapplermodule1.GrapplerEnhancement.GrapplerEnhancementApplication for test class com.grapplermodule1.GrapplerEnhancement.GrapplerEnhancementApplicationTests

  .   ____          _            __ _ _
 /\\ / ___'_ __ _ _(_)_ __  __ _ \ \ \ \
( ( )\___ | '_ | '_| | '_ \/ _` | \ \ \ \
 \\/  ___)| |_)| | | | | || (_| |  ) ) ) )
  '  |____| .__|_| |_|_| |_\__, | / / / /
 =========|_|==============|___/=/_/_/_/
 :: Spring Boot ::                (v3.1.4)

2023-11-29T12:00:36.946+05:30  INFO 24288 --- [           main] .g.G.GrapplerEnhancementApplicationTests : Starting GrapplerEnhancementApplicationTests using Java 19.0.1 with PID 24288 (started by ASUS in C:\Users\ASUS\Downloads\MIRCROSERVICE INNOGENT\USER\Grappler-RBAC-main\User)
2023-11-29T12:00:36.950+05:30  INFO 24288 --- [           main] .g.G.GrapplerEnhancementApplicationTests : No active profile set, falling back to 1 default profile: "default"
2023-11-29T12:00:39.888+05:30  INFO 24288 --- [           main] .s.d.r.c.RepositoryConfigurationDelegate : Bootstrapping Spring Data JPA repositories in DEFAULT mode.
2023-11-29T12:00:40.532+05:30  INFO 24288 --- [           main] .s.d.r.c.RepositoryConfigurationDelegate : Finished Spring Data repository scanning in 619 ms. Found 7 JPA repository interfaces.
2023-11-29T12:00:41.263+05:30  INFO 24288 --- [           main] o.s.cloud.context.scope.GenericScope     : BeanFactory id=e3d21534-2740-3835-9071-d3f4e85844e7
2023-11-29T12:00:42.259+05:30  INFO 24288 --- [           main] o.hibernate.jpa.internal.util.LogHelper  : HHH000204: Processing PersistenceUnitInfo [name: default]
2023-11-29T12:00:42.458+05:30  INFO 24288 --- [           main] org.hibernate.Version                    : HHH000412: Hibernate ORM core version 6.2.9.Final
2023-11-29T12:00:42.462+05:30  INFO 24288 --- [           main] org.hibernate.cfg.Environment            : HHH000406: Using bytecode reflection optimizer
2023-11-29T12:00:42.852+05:30  INFO 24288 --- [           main] o.h.b.i.BytecodeProviderInitiator        : HHH000021: Bytecode provider name : bytebuddy
2023-11-29T12:00:43.155+05:30  INFO 24288 --- [           main] o.s.o.j.p.SpringPersistenceUnitInfo      : No LoadTimeWeaver setup: ignoring JPA class transformer
2023-11-29T12:00:43.203+05:30  INFO 24288 --- [           main] com.zaxxer.hikari.HikariDataSource       : HikariPool-1 - Starting...
2023-11-29T12:00:44.234+05:30  INFO 24288 --- [           main] com.zaxxer.hikari.pool.HikariPool        : HikariPool-1 - Added connection com.mysql.cj.jdbc.ConnectionImpl@34695b23
2023-11-29T12:00:44.239+05:30  INFO 24288 --- [           main] com.zaxxer.hikari.HikariDataSource       : HikariPool-1 - Start completed.
2023-11-29T12:00:45.024+05:30  INFO 24288 --- [           main] o.h.b.i.BytecodeProviderInitiator        : HHH000021: Bytecode provider name : bytebuddy
2023-11-29T12:00:46.438+05:30  INFO 24288 --- [           main] o.h.e.t.j.p.i.JtaPlatformInitiator       : HHH000490: Using JtaPlatform implementation: [org.hibernate.engine.transaction.jta.platform.internal.NoJtaPlatform]
2023-11-29T12:00:46.627+05:30  INFO 24288 --- [           main] j.LocalContainerEntityManagerFactoryBean : Initialized JPA EntityManagerFactory for persistence unit 'default'
2023-11-29T12:00:47.349+05:30  INFO 24288 --- [           main] o.s.d.j.r.query.QueryEnhancerFactory     : Hibernate is in classpath; If applicable, HQL parser will be used.
2023-11-29T12:00:50.017+05:30  WARN 24288 --- [           main] JpaBaseConfiguration$JpaWebConfiguration : spring.jpa.open-in-view is enabled by default. Therefore, database queries may be performed during view rendering. Explicitly configure spring.jpa.open-in-view to disable this warning
2023-11-29T12:00:50.263+05:30  INFO 24288 --- [           main] o.s.s.web.DefaultSecurityFilterChain     : Will secure any request with [org.springframework.security.web.session.DisableEncodeUrlFilter@301af154, org.springframework.security.web.context.request.async.WebAsyncManagerIntegrationFilter@4b8cf10f, org.springframework.security.web.context.SecurityContextHolderFilter@15e8918, org.springframework.security.web.header.HeaderWriterFilter@52a42e0f, org.springframework.security.web.authentication.logout.LogoutFilter@125a6446, com.grapplermodule1.GrapplerEnhancement.cerebrus.jwtauthentication.JwtAuthenticationFilter@5ceeab0c, org.springframework.security.web.authentication.www.BasicAuthenticationFilter@787073b3, org.springframework.security.web.savedrequest.RequestCacheAwareFilter@5d18255a, org.springframework.security.web.servletapi.SecurityContextHolderAwareRequestFilter@66f73d3d, org.springframework.security.web.authentication.AnonymousAuthenticationFilter@310ad792, org.springframework.security.web.session.SessionManagementFilter@f11fad9, org.springframework.security.web.access.ExceptionTranslationFilter@256edef4, org.springframework.security.web.access.intercept.AuthorizationFilter@2e6fa551]
2023-11-29T12:00:53.955+05:30  INFO 24288 --- [           main] DiscoveryClientOptionalArgsConfiguration : Eureka HTTP Client uses RestTemplate.
2023-11-29T12:00:54.219+05:30  WARN 24288 --- [           main] iguration$LoadBalancerCaffeineWarnLogger : Spring Cloud LoadBalancer is currently working with the default cache. While this cache implementation is useful for development and tests, it's recommended to use Caffeine cache in production.You can switch to using Caffeine cache, by adding it and org.springframework.cache.caffeine.CaffeineCacheManager to the classpath.
2023-11-29T12:00:54.261+05:30  INFO 24288 --- [           main] o.s.c.n.eureka.InstanceInfoFactory       : Setting initial instance status as: STARTING
2023-11-29T12:00:54.603+05:30  INFO 24288 --- [           main] com.netflix.discovery.DiscoveryClient    : Initializing Eureka in region us-east-1
2023-11-29T12:00:54.616+05:30  INFO 24288 --- [           main] c.n.d.s.r.aws.ConfigClusterResolver      : Resolving eureka endpoints via configuration
2023-11-29T12:00:54.668+05:30  INFO 24288 --- [           main] com.netflix.discovery.DiscoveryClient    : Disable delta property : false
2023-11-29T12:00:54.668+05:30  INFO 24288 --- [           main] com.netflix.discovery.DiscoveryClient    : Single vip registry refresh property : null
2023-11-29T12:00:54.668+05:30  INFO 24288 --- [           main] com.netflix.discovery.DiscoveryClient    : Force full registry fetch : false
2023-11-29T12:00:54.668+05:30  INFO 24288 --- [           main] com.netflix.discovery.DiscoveryClient    : Application is null : false
2023-11-29T12:00:54.668+05:30  INFO 24288 --- [           main] com.netflix.discovery.DiscoveryClient    : Registered Applications size is zero : true
2023-11-29T12:00:54.668+05:30  INFO 24288 --- [           main] com.netflix.discovery.DiscoveryClient    : Application version is -1: true
2023-11-29T12:00:54.668+05:30  INFO 24288 --- [           main] com.netflix.discovery.DiscoveryClient    : Getting all instance registry info from the eureka server
2023-11-29T12:00:55.288+05:30  INFO 24288 --- [           main] com.netflix.discovery.DiscoveryClient    : The response status is 200
2023-11-29T12:00:55.293+05:30  INFO 24288 --- [           main] com.netflix.discovery.DiscoveryClient    : Starting heartbeat executor: renew interval is: 30
2023-11-29T12:00:55.297+05:30  INFO 24288 --- [           main] c.n.discovery.InstanceInfoReplicator     : InstanceInfoReplicator onDemand update allowed rate per min is 4
2023-11-29T12:00:55.309+05:30  INFO 24288 --- [           main] com.netflix.discovery.DiscoveryClient    : Discovery Client initialized at timestamp 1701239455303 with initial instances count: 1
2023-11-29T12:00:55.318+05:30  INFO 24288 --- [           main] o.s.c.n.e.s.EurekaServiceRegistry        : Registering application USER-SERVICE with eureka with status UP
2023-11-29T12:00:55.318+05:30  INFO 24288 --- [           main] com.netflix.discovery.DiscoveryClient    : Saw local status change event StatusChangeEvent [timestamp=1701239455318, current=UP, previous=STARTING]
2023-11-29T12:00:55.322+05:30  INFO 24288 --- [nfoReplicator-0] com.netflix.discovery.DiscoveryClient    : DiscoveryClient_USER-SERVICE/LAPTOP-I12U8FVK:USER-SERVICE:8081: registering service...
2023-11-29T12:00:55.354+05:30  INFO 24288 --- [           main] .g.G.GrapplerEnhancementApplicationTests : Started GrapplerEnhancementApplicationTests in 19.493 seconds (process running for 22.538)
2023-11-29T12:00:55.430+05:30  INFO 24288 --- [nfoReplicator-0] com.netflix.discovery.DiscoveryClient    : DiscoveryClient_USER-SERVICE/LAPTOP-I12U8FVK:USER-SERVICE:8081 - registration status: 204
]]></system-out>
    <system-err><![CDATA[SLF4J: Class path contains multiple SLF4J providers.
SLF4J: Found provider [ch.qos.logback.classic.spi.LogbackServiceProvider@33c911a1]
SLF4J: Found provider [org.apache.logging.slf4j.SLF4JServiceProvider@75db5df9]
SLF4J: See https://www.slf4j.org/codes.html#multiple_bindings for an explanation.
SLF4J: Actual provider is of type [ch.qos.logback.classic.spi.LogbackServiceProvider@33c911a1]
]]></system-err>
  </testcase>
</testsuite>